<?xml version="1.0" encoding="UTF-8"?>
<!-- Generated by org.testng.reporters.JUnitReportReporter -->
<testsuite name="com.test.login.TestAutomationapp" tests="2" time="16.951" ignored="0" failures="0" timestamp="12 Dec 2018 10:38:10 GMT" skipped="0" hostname="LAPTOP-TKV0AH7E" errors="0">
  <testcase name="SigninToApp" time="16.563" classname="com.test.login.TestAutomationapp"/>
  <testcase name="CreationOfNewAccount" time="0.388" classname="com.test.login.TestAutomationapp"/>
</testsuite> <!-- com.test.login.TestAutomationapp -->
