<?xml version="1.0" encoding="UTF-8"?>
<!-- Generated by org.testng.reporters.JUnitReportReporter -->
<testsuite name="com.guru99.homepage.Guru99TestHomePage" tests="2" time="27.024" ignored="0" failures="0" timestamp="12 Dec 2018 14:02:03 GMT" skipped="0" hostname="LAPTOP-TKV0AH7E" errors="0">
  <testcase name="NewAccntCreation" time="6.736" classname="com.guru99.homepage.Guru99TestHomePage"/>
  <testcase name="LogintomyAccount" time="20.288" classname="com.guru99.homepage.Guru99TestHomePage"/>
</testsuite> <!-- com.guru99.homepage.Guru99TestHomePage -->
