<?xml version="1.0" encoding="UTF-8"?>
<!-- Generated by org.testng.reporters.JUnitReportReporter -->
<testsuite name="com.test.login.LoginTest" tests="2" time="21.190" ignored="0" failures="0" timestamp="12 Dec 2018 09:40:30 GMT" skipped="0" hostname="LAPTOP-TKV0AH7E" errors="0">
  <testcase name="SignupToPClouddy" time="2.547" classname="com.test.login.LoginTest"/>
  <testcase name="LoginToPCloudy" time="18.643" classname="com.test.login.LoginTest"/>
</testsuite> <!-- com.test.login.LoginTest -->
